2018-08-17 09:08:12 -admin尝试登陆-
2018-08-17 09:08:48 -admin尝试登陆-
2018-08-17 09:08:48 -登陆成功-
2018-08-17 09:11:07 -admin尝试登陆-
2018-08-17 09:11:07 -登陆成功-
2018-08-17 09:19:16 -admin尝试登陆-
2018-08-17 09:19:16 -登陆成功-
2018-08-17 09:19:43 admin-销售退货订单操作-
2018-08-17 09:27:37 -admin尝试登陆-
2018-08-17 09:27:37 -登陆成功-
2018-08-17 09:40:09 -admin尝试登陆-
2018-08-17 09:40:09 -登陆成功-
2018-08-17 09:41:26 -admin尝试登陆-
2018-08-17 09:41:26 -登陆成功-
2018-08-17 09:43:01 -admin尝试登陆-
2018-08-17 09:43:01 -登陆成功-
2018-08-17 09:44:21 -admin尝试登陆-
2018-08-17 09:44:21 -登陆成功-
2018-08-17 09:44:58 admin-销售退货订单操作-
2018-08-17 09:45:07 -admin尝试登陆-
2018-08-17 09:45:07 -登陆成功-
2018-08-17 09:50:36 -admin尝试登陆-
2018-08-17 09:50:36 -登陆成功-
2018-08-17 09:51:15 -admin尝试登陆-
2018-08-17 09:51:15 -登陆成功-
2018-08-17 09:51:48 -admin尝试登陆-
2018-08-17 09:51:48 -登陆成功-
2018-08-17 09:55:00 -admin尝试登陆-
2018-08-17 09:55:00 -登陆成功-
2018-08-17 09:56:26 -admin尝试登陆-
2018-08-17 10:07:09 -admin尝试登陆-
2018-08-17 10:07:34 -admin尝试登陆-
2018-08-17 10:07:34 -登陆成功-
2018-08-17 10:09:10 -admin尝试登陆-
2018-08-17 10:09:10 -登陆成功-
2018-08-17 10:09:17 admin-销售退货订单操作-
2018-08-17 10:09:29 -admin尝试登陆-
2018-08-17 10:09:29 -登陆成功-
2018-08-17 10:10:11 admin-销售退货订单操作-
2018-08-17 10:11:16 -admin尝试登陆-
2018-08-17 10:11:16 -登陆成功-
2018-08-17 10:11:47 -admin尝试登陆-
2018-08-17 10:11:48 -登陆成功-
2018-08-17 10:13:31 -admin尝试登陆-
2018-08-17 10:13:31 -登陆成功-
2018-08-17 10:14:04 -admin尝试登陆-
2018-08-17 10:14:05 -登陆成功-
2018-08-17 10:19:25 -admin尝试登陆-
2018-08-17 10:19:25 -登陆成功-
2018-08-17 10:25:40 -admin尝试登陆-
2018-08-17 10:25:40 -登陆成功-
2018-08-17 10:26:44 admin-销售退货订单操作-
2018-08-17 10:26:49 -admin尝试登陆-
2018-08-17 10:26:49 -登陆成功-
2018-08-17 10:27:41 admin-销售退货订单操作-
2018-08-17 10:27:49 -admin尝试登陆-
2018-08-17 10:27:49 -登陆成功-
2018-08-17 10:28:32 admin-销售退货订单操作-
2018-08-17 10:29:32 -admin尝试登陆-
2018-08-17 10:29:32 -登陆成功-
2018-08-17 10:31:34 -admin尝试登陆-
2018-08-17 10:31:34 -登陆成功-
2018-08-17 10:33:03 -admin尝试登陆-
2018-08-17 10:33:03 -登陆成功-
2018-08-17 10:43:07 -admin尝试登陆-
2018-08-17 10:43:07 -登陆成功-
2018-08-17 10:49:48 -admin尝试登陆-
2018-08-17 10:49:48 -登陆成功-
2018-08-17 10:54:06 -admin尝试登陆-
2018-08-17 10:54:06 -登陆成功-
2018-08-17 10:57:04 -admin尝试登陆-
2018-08-17 10:57:05 -登陆成功-
2018-08-17 11:00:10 -admin尝试登陆-
2018-08-17 11:00:10 -登陆成功-
2018-08-17 11:01:13 -admin尝试登陆-
2018-08-17 11:01:13 -登陆成功-
2018-08-17 11:04:34 -admin尝试登陆-
2018-08-17 11:04:34 -登陆成功-
2018-08-17 11:05:43 -admin尝试登陆-
2018-08-17 11:05:43 -登陆成功-
2018-08-17 11:07:02 -admin尝试登陆-
2018-08-17 11:07:02 -登陆成功-
2018-08-17 11:08:45 -admin尝试登陆-
2018-08-17 11:08:45 -登陆成功-
2018-08-17 11:10:31 -admin尝试登陆-
2018-08-17 11:10:31 -登陆成功-
2018-08-17 11:12:41 -admin尝试登陆-
2018-08-17 11:12:41 -登陆成功-
2018-08-17 11:13:16 -admin尝试登陆-
2018-08-17 11:13:16 -登陆成功-
2018-08-17 11:14:43 -admin尝试登陆-
2018-08-17 11:14:43 -登陆成功-
2018-08-17 11:15:30 -admin尝试登陆-
2018-08-17 11:15:30 -登陆成功-
2018-08-17 11:17:35 -admin尝试登陆-
2018-08-17 11:17:35 -登陆成功-
2018-08-17 11:18:45 -admin尝试登陆-
2018-08-17 11:18:45 -登陆成功-
2018-08-17 11:19:35 -admin尝试登陆-
2018-08-17 11:19:35 -登陆成功-
2018-08-17 11:21:42 -admin尝试登陆-
2018-08-17 11:21:42 -登陆成功-
2018-08-17 11:22:17 -admin尝试登陆-
2018-08-17 11:22:17 -登陆成功-
2018-08-17 11:26:49 -admin尝试登陆-
2018-08-17 11:26:49 -登陆成功-
2018-08-17 11:31:04 -admin尝试登陆-
2018-08-17 11:31:04 -登陆成功-
2018-08-17 11:35:01 -admin尝试登陆-
2018-08-17 11:35:01 -登陆成功-
2018-08-17 11:37:27 -admin尝试登陆-
2018-08-17 11:37:27 -登陆成功-
2018-08-17 11:44:42 -admin尝试登陆-
2018-08-17 11:44:42 -登陆成功-
2018-08-17 11:49:22 -admin尝试登陆-
2018-08-17 11:49:22 -登陆成功-
2018-08-17 11:56:47 -admin尝试登陆-
2018-08-17 11:56:47 -登陆成功-
2018-08-17 12:00:05 -admin尝试登陆-
2018-08-17 12:00:05 -登陆成功-
2018-08-17 12:02:50 -admin尝试登陆-
2018-08-17 12:02:50 -登陆成功-
2018-08-17 12:48:45 -admin尝试登陆-
2018-08-17 12:48:45 -登陆成功-
2018-08-17 12:50:37 -admin尝试登陆-
2018-08-17 12:50:37 -登陆成功-
2018-08-17 12:52:44 -admin尝试登陆-
2018-08-17 12:52:44 -登陆成功-
2018-08-17 13:06:05 -admin尝试登陆-
2018-08-17 13:06:05 -登陆成功-
2018-08-17 13:07:02 -admin尝试登陆-
2018-08-17 13:07:02 -登陆成功-
2018-08-17 13:08:05 -admin尝试登陆-
2018-08-17 13:08:05 -登陆成功-
2018-08-17 13:23:53 -admin尝试登陆-
2018-08-17 13:23:53 -登陆成功-
2018-08-17 13:24:51 -admin尝试登陆-
2018-08-17 13:24:51 -登陆成功-
2018-08-17 13:26:14 -admin尝试登陆-
2018-08-17 13:26:14 -登陆成功-
2018-08-17 13:30:36 -admin尝试登陆-
2018-08-17 13:30:36 -登陆成功-
2018-08-17 13:31:50 -admin尝试登陆-
2018-08-17 13:31:50 -登陆成功-
2018-08-17 13:33:16 -admin尝试登陆-
2018-08-17 13:33:17 -登陆成功-
2018-08-17 13:33:34 -admin尝试登陆-
2018-08-17 13:33:34 -登陆成功-
2018-08-17 13:34:12 -admin尝试登陆-
2018-08-17 13:34:12 -登陆成功-
2018-08-17 13:37:02 -admin尝试登陆-
2018-08-17 13:37:03 -登陆成功-
2018-08-17 14:15:19 -admin尝试登陆-
2018-08-17 14:15:19 -登陆成功-
2018-08-17 14:42:36 -admin尝试登陆-
2018-08-17 14:42:36 -登陆成功-
2018-08-17 14:44:07 -admin尝试登陆-
2018-08-17 14:44:07 -登陆成功-
2018-08-17 16:56:50 -admin尝试登陆-
2018-08-17 16:56:50 -登陆成功-
2018-08-17 17:37:45 -admin尝试登陆-
2018-08-17 17:37:45 -登陆成功-
2018-08-17 17:41:45 -admin尝试登陆-
2018-08-17 17:41:45 -登陆成功-
2018-08-17 17:44:46 -admin尝试登陆-
2018-08-17 17:44:46 -登陆成功-
2018-08-17 17:44:50 admin-销售订单操作-
2018-08-17 17:47:15 -admin尝试登陆-
2018-08-17 17:47:15 -登陆成功-
2018-08-17 17:48:06 -admin尝试登陆-
2018-08-17 17:48:06 -登陆成功-
2018-08-17 17:48:11 admin-销售订单操作-
2018-08-17 17:48:37 -admin尝试登陆-
2018-08-17 17:48:37 -登陆成功-
2018-08-17 17:48:47 admin-销售订单操作-
2018-08-17 17:49:06 -admin尝试登陆-
2018-08-17 17:49:06 -登陆成功-
2018-08-17 17:51:27 -admin尝试登陆-
2018-08-17 17:51:27 -登陆成功-
2018-08-17 17:51:34 admin-销售订单操作-
2018-08-17 17:58:37 -admin尝试登陆-
2018-08-17 17:58:37 -登陆成功-
2018-08-17 17:59:40 -admin尝试登陆-
2018-08-17 17:59:40 -登陆成功-
2018-08-17 17:59:47 admin-调拨订单操作-
2018-08-17 17:59:58 -admin尝试登陆-
2018-08-17 17:59:59 -登陆成功-
2018-08-17 18:00:06 admin-调拨订单操作-
2018-08-17 18:00:10 -admin尝试登陆-
2018-08-17 18:00:10 -登陆成功-
2018-08-17 18:00:43 -admin尝试登陆-
2018-08-17 18:00:43 -登陆成功-
2018-08-17 18:00:46 admin-销售订单操作-
2018-08-17 18:02:10 -admin尝试登陆-
2018-08-17 18:02:10 -登陆成功-
2018-08-17 18:02:15 admin-销售订单操作-
2018-08-17 18:02:46 -admin尝试登陆-
2018-08-17 18:02:46 -登陆成功-
2018-08-17 18:03:06 -admin尝试登陆-
2018-08-17 18:03:06 -登陆成功-
2018-08-17 18:03:37 -admin尝试登陆-
2018-08-17 18:03:37 -登陆成功-
2018-08-17 18:03:52 -admin尝试登陆-
2018-08-17 18:03:52 -登陆成功-
2018-08-17 18:04:10 admin-销售订单操作-
2018-08-17 18:04:28 -admin尝试登陆-
2018-08-17 18:04:28 -登陆成功-
2018-08-17 18:17:14 -admin尝试登陆-
2018-08-17 18:17:14 -登陆成功-
2018-08-17 18:20:14 -admin尝试登陆-
2018-08-17 18:20:15 -登陆成功-
